<?xml version="1.0" encoding="UTF-8"?>
<testsuite xmlns:xsi="http://www.w3.org/2001/XMLSchema-instance" xsi:noNamespaceSchemaLocation="https://maven.apache.org/surefire/maven-surefire-plugin/xsd/surefire-test-report-3.0.xsd" version="3.0" name="com.stocksanalyses.service.PatternDetectorsTest" time="0.004" tests="2" errors="0" skipped="0" failures="0">
  <properties>
    <property name="socksProxyHost" value="127.0.0.1"/>
    <property name="http.proxyHost" value="127.0.0.1"/>
    <property name="java.specification.version" value="24"/>
    <property name="sun.jnu.encoding" value="UTF-8"/>
    <property name="java.class.path" value="/Users/p/Documents/GitHub/Stocksanalyses/target/test-classes:/Users/p/Documents/GitHub/Stocksanalyses/target/classes:/Users/p/.m2/repository/org/springframework/boot/spring-boot-starter-web/3.3.3/spring-boot-starter-web-3.3.3.jar:/Users/p/.m2/repository/org/springframework/boot/spring-boot-starter/3.3.3/spring-boot-starter-3.3.3.jar:/Users/p/.m2/repository/org/springframework/boot/spring-boot/3.3.3/spring-boot-3.3.3.jar:/Users/p/.m2/repository/org/springframework/boot/spring-boot-autoconfigure/3.3.3/spring-boot-autoconfigure-3.3.3.jar:/Users/p/.m2/repository/org/springframework/boot/spring-boot-starter-logging/3.3.3/spring-boot-starter-logging-3.3.3.jar:/Users/p/.m2/repository/ch/qos/logback/logback-classic/1.5.7/logback-classic-1.5.7.jar:/Users/p/.m2/repository/ch/qos/logback/logback-core/1.5.7/logback-core-1.5.7.jar:/Users/p/.m2/repository/org/apache/logging/log4j/log4j-to-slf4j/2.23.1/log4j-to-slf4j-2.23.1.jar:/Users/p/.m2/repository/org/apache/logging/log4j/log4j-api/2.23.1/log4j-api-2.23.1.jar:/Users/p/.m2/repository/org/slf4j/jul-to-slf4j/2.0.16/jul-to-slf4j-2.0.16.jar:/Users/p/.m2/repository/jakarta/annotation/jakarta.annotation-api/2.1.1/jakarta.annotation-api-2.1.1.jar:/Users/p/.m2/repository/org/yaml/snakeyaml/2.2/snakeyaml-2.2.jar:/Users/p/.m2/repository/org/springframework/boot/spring-boot-starter-json/3.3.3/spring-boot-starter-json-3.3.3.jar:/Users/p/.m2/repository/com/fasterxml/jackson/datatype/jackson-datatype-jdk8/2.17.2/jackson-datatype-jdk8-2.17.2.jar:/Users/p/.m2/repository/com/fasterxml/jackson/module/jackson-module-parameter-names/2.17.2/jackson-module-parameter-names-2.17.2.jar:/Users/p/.m2/repository/org/springframework/boot/spring-boot-starter-tomcat/3.3.3/spring-boot-starter-tomcat-3.3.3.jar:/Users/p/.m2/repository/org/apache/tomcat/embed/tomcat-embed-core/10.1.28/tomcat-embed-core-10.1.28.jar:/Users/p/.m2/repository/org/apache/tomcat/embed/tomcat-embed-websocket/10.1.28/tomcat-embed-websocket-10.1.28.jar:/Users/p/.m2/repository/org/springframework/spring-web/6.1.12/spring-web-6.1.12.jar:/Users/p/.m2/repository/org/springframework/spring-beans/6.1.12/spring-beans-6.1.12.jar:/Users/p/.m2/repository/org/springframework/spring-webmvc/6.1.12/spring-webmvc-6.1.12.jar:/Users/p/.m2/repository/org/springframework/spring-aop/6.1.12/spring-aop-6.1.12.jar:/Users/p/.m2/repository/org/springframework/spring-context/6.1.12/spring-context-6.1.12.jar:/Users/p/.m2/repository/org/springframework/spring-expression/6.1.12/spring-expression-6.1.12.jar:/Users/p/.m2/repository/org/springframework/boot/spring-boot-starter-validation/3.3.3/spring-boot-starter-validation-3.3.3.jar:/Users/p/.m2/repository/org/apache/tomcat/embed/tomcat-embed-el/10.1.28/tomcat-embed-el-10.1.28.jar:/Users/p/.m2/repository/org/hibernate/validator/hibernate-validator/8.0.1.Final/hibernate-validator-8.0.1.Final.jar:/Users/p/.m2/repository/jakarta/validation/jakarta.validation-api/3.0.2/jakarta.validation-api-3.0.2.jar:/Users/p/.m2/repository/org/jboss/logging/jboss-logging/3.5.3.Final/jboss-logging-3.5.3.Final.jar:/Users/p/.m2/repository/com/fasterxml/classmate/1.7.0/classmate-1.7.0.jar:/Users/p/.m2/repository/com/fasterxml/jackson/datatype/jackson-datatype-jsr310/2.17.2/jackson-datatype-jsr310-2.17.2.jar:/Users/p/.m2/repository/com/fasterxml/jackson/core/jackson-annotations/2.17.2/jackson-annotations-2.17.2.jar:/Users/p/.m2/repository/com/fasterxml/jackson/core/jackson-core/2.17.2/jackson-core-2.17.2.jar:/Users/p/.m2/repository/com/fasterxml/jackson/core/jackson-databind/2.17.2/jackson-databind-2.17.2.jar:/Users/p/.m2/repository/org/springdoc/springdoc-openapi-starter-webmvc-ui/2.6.0/springdoc-openapi-starter-webmvc-ui-2.6.0.jar:/Users/p/.m2/repository/org/springdoc/springdoc-openapi-starter-webmvc-api/2.6.0/springdoc-openapi-starter-webmvc-api-2.6.0.jar:/Users/p/.m2/repository/org/springdoc/springdoc-openapi-starter-common/2.6.0/springdoc-openapi-starter-common-2.6.0.jar:/Users/p/.m2/repository/io/swagger/core/v3/swagger-core-jakarta/2.2.22/swagger-core-jakarta-2.2.22.jar:/Users/p/.m2/repository/org/apache/commons/commons-lang3/3.14.0/commons-lang3-3.14.0.jar:/Users/p/.m2/repository/io/swagger/core/v3/swagger-annotations-jakarta/2.2.22/swagger-annotations-jakarta-2.2.22.jar:/Users/p/.m2/repository/io/swagger/core/v3/swagger-models-jakarta/2.2.22/swagger-models-jakarta-2.2.22.jar:/Users/p/.m2/repository/com/fasterxml/jackson/dataformat/jackson-dataformat-yaml/2.17.2/jackson-dataformat-yaml-2.17.2.jar:/Users/p/.m2/repository/org/webjars/swagger-ui/5.17.14/swagger-ui-5.17.14.jar:/Users/p/.m2/repository/org/projectlombok/lombok/1.18.34/lombok-1.18.34.jar:/Users/p/.m2/repository/org/springframework/boot/spring-boot-starter-test/3.3.3/spring-boot-starter-test-3.3.3.jar:/Users/p/.m2/repository/org/springframework/boot/spring-boot-test/3.3.3/spring-boot-test-3.3.3.jar:/Users/p/.m2/repository/org/springframework/boot/spring-boot-test-autoconfigure/3.3.3/spring-boot-test-autoconfigure-3.3.3.jar:/Users/p/.m2/repository/com/jayway/jsonpath/json-path/2.9.0/json-path-2.9.0.jar:/Users/p/.m2/repository/jakarta/xml/bind/jakarta.xml.bind-api/4.0.2/jakarta.xml.bind-api-4.0.2.jar:/Users/p/.m2/repository/jakarta/activation/jakarta.activation-api/2.1.3/jakarta.activation-api-2.1.3.jar:/Users/p/.m2/repository/net/minidev/json-smart/2.5.1/json-smart-2.5.1.jar:/Users/p/.m2/repository/net/minidev/accessors-smart/2.5.1/accessors-smart-2.5.1.jar:/Users/p/.m2/repository/org/ow2/asm/asm/9.6/asm-9.6.jar:/Users/p/.m2/repository/org/assertj/assertj-core/3.25.3/assertj-core-3.25.3.jar:/Users/p/.m2/repository/net/bytebuddy/byte-buddy/1.14.19/byte-buddy-1.14.19.jar:/Users/p/.m2/repository/org/awaitility/awaitility/4.2.2/awaitility-4.2.2.jar:/Users/p/.m2/repository/org/hamcrest/hamcrest/2.2/hamcrest-2.2.jar:/Users/p/.m2/repository/org/junit/jupiter/junit-jupiter/5.10.3/junit-jupiter-5.10.3.jar:/Users/p/.m2/repository/org/junit/jupiter/junit-jupiter-api/5.10.3/junit-jupiter-api-5.10.3.jar:/Users/p/.m2/repository/org/opentest4j/opentest4j/1.3.0/opentest4j-1.3.0.jar:/Users/p/.m2/repository/org/junit/platform/junit-platform-commons/1.10.3/junit-platform-commons-1.10.3.jar:/Users/p/.m2/repository/org/apiguardian/apiguardian-api/1.1.2/apiguardian-api-1.1.2.jar:/Users/p/.m2/repository/org/junit/jupiter/junit-jupiter-params/5.10.3/junit-jupiter-params-5.10.3.jar:/Users/p/.m2/repository/org/junit/jupiter/junit-jupiter-engine/5.10.3/junit-jupiter-engine-5.10.3.jar:/Users/p/.m2/repository/org/junit/platform/junit-platform-engine/1.10.3/junit-platform-engine-1.10.3.jar:/Users/p/.m2/repository/org/mockito/mockito-core/5.11.0/mockito-core-5.11.0.jar:/Users/p/.m2/repository/net/bytebuddy/byte-buddy-agent/1.14.19/byte-buddy-agent-1.14.19.jar:/Users/p/.m2/repository/org/objenesis/objenesis/3.3/objenesis-3.3.jar:/Users/p/.m2/repository/org/mockito/mockito-junit-jupiter/5.11.0/mockito-junit-jupiter-5.11.0.jar:/Users/p/.m2/repository/org/skyscreamer/jsonassert/1.5.3/jsonassert-1.5.3.jar:/Users/p/.m2/repository/com/vaadin/external/google/android-json/0.0.20131108.vaadin1/android-json-0.0.20131108.vaadin1.jar:/Users/p/.m2/repository/org/springframework/spring-core/6.1.12/spring-core-6.1.12.jar:/Users/p/.m2/repository/org/springframework/spring-jcl/6.1.12/spring-jcl-6.1.12.jar:/Users/p/.m2/repository/org/springframework/spring-test/6.1.12/spring-test-6.1.12.jar:/Users/p/.m2/repository/org/xmlunit/xmlunit-core/2.9.1/xmlunit-core-2.9.1.jar:/Users/p/.m2/repository/org/ta4j/ta4j-core/0.15/ta4j-core-0.15.jar:/Users/p/.m2/repository/org/slf4j/slf4j-api/2.0.16/slf4j-api-2.0.16.jar:/Users/p/.m2/repository/net/sourceforge/tess4j/tess4j/5.11.0/tess4j-5.11.0.jar:/Users/p/.m2/repository/net/java/dev/jna/jna/5.14.0/jna-5.14.0.jar:/Users/p/.m2/repository/com/github/jai-imageio/jai-imageio-core/1.4.0/jai-imageio-core-1.4.0.jar:/Users/p/.m2/repository/org/apache/pdfbox/pdfbox/3.0.1/pdfbox-3.0.1.jar:/Users/p/.m2/repository/org/apache/pdfbox/pdfbox-io/3.0.1/pdfbox-io-3.0.1.jar:/Users/p/.m2/repository/org/apache/pdfbox/fontbox/3.0.1/fontbox-3.0.1.jar:/Users/p/.m2/repository/commons-logging/commons-logging/1.2/commons-logging-1.2.jar:/Users/p/.m2/repository/org/apache/pdfbox/pdfbox-tools/3.0.1/pdfbox-tools-3.0.1.jar:/Users/p/.m2/repository/org/apache/pdfbox/pdfbox-debugger/3.0.1/pdfbox-debugger-3.0.1.jar:/Users/p/.m2/repository/info/picocli/picocli/4.7.5/picocli-4.7.5.jar:/Users/p/.m2/repository/org/apache/pdfbox/jbig2-imageio/3.0.4/jbig2-imageio-3.0.4.jar:/Users/p/.m2/repository/commons-io/commons-io/2.15.1/commons-io-2.15.1.jar:/Users/p/.m2/repository/net/sourceforge/lept4j/lept4j/1.19.1/lept4j-1.19.1.jar:/Users/p/.m2/repository/org/jboss/jboss-vfs/3.2.17.Final/jboss-vfs-3.2.17.Final.jar:/Users/p/.m2/repository/io/micrometer/micrometer-core/1.13.3/micrometer-core-1.13.3.jar:/Users/p/.m2/repository/io/micrometer/micrometer-commons/1.13.3/micrometer-commons-1.13.3.jar:/Users/p/.m2/repository/io/micrometer/micrometer-observation/1.13.3/micrometer-observation-1.13.3.jar:/Users/p/.m2/repository/org/hdrhistogram/HdrHistogram/2.2.2/HdrHistogram-2.2.2.jar:/Users/p/.m2/repository/org/latencyutils/LatencyUtils/2.0.3/LatencyUtils-2.0.3.jar:/Users/p/.m2/repository/io/micrometer/micrometer-registry-prometheus/1.13.3/micrometer-registry-prometheus-1.13.3.jar:/Users/p/.m2/repository/io/prometheus/prometheus-metrics-core/1.2.1/prometheus-metrics-core-1.2.1.jar:/Users/p/.m2/repository/io/prometheus/prometheus-metrics-model/1.2.1/prometheus-metrics-model-1.2.1.jar:/Users/p/.m2/repository/io/prometheus/prometheus-metrics-config/1.2.1/prometheus-metrics-config-1.2.1.jar:/Users/p/.m2/repository/io/prometheus/prometheus-metrics-tracer-common/1.2.1/prometheus-metrics-tracer-common-1.2.1.jar:/Users/p/.m2/repository/io/prometheus/prometheus-metrics-exposition-formats/1.2.1/prometheus-metrics-exposition-formats-1.2.1.jar:/Users/p/.m2/repository/io/prometheus/prometheus-metrics-shaded-protobuf/1.2.1/prometheus-metrics-shaded-protobuf-1.2.1.jar:/Users/p/.m2/repository/org/springframework/boot/spring-boot-starter-actuator/3.3.3/spring-boot-starter-actuator-3.3.3.jar:/Users/p/.m2/repository/org/springframework/boot/spring-boot-actuator-autoconfigure/3.3.3/spring-boot-actuator-autoconfigure-3.3.3.jar:/Users/p/.m2/repository/org/springframework/boot/spring-boot-actuator/3.3.3/spring-boot-actuator-3.3.3.jar:/Users/p/.m2/repository/io/micrometer/micrometer-jakarta9/1.13.3/micrometer-jakarta9-1.13.3.jar:/Users/p/.m2/repository/io/micrometer/micrometer-tracing-bridge-otel/1.3.3/micrometer-tracing-bridge-otel-1.3.3.jar:/Users/p/.m2/repository/io/micrometer/micrometer-tracing/1.3.3/micrometer-tracing-1.3.3.jar:/Users/p/.m2/repository/io/micrometer/context-propagation/1.1.1/context-propagation-1.1.1.jar:/Users/p/.m2/repository/aopalliance/aopalliance/1.0/aopalliance-1.0.jar:/Users/p/.m2/repository/io/opentelemetry/opentelemetry-api/1.37.0/opentelemetry-api-1.37.0.jar:/Users/p/.m2/repository/io/opentelemetry/opentelemetry-context/1.37.0/opentelemetry-context-1.37.0.jar:/Users/p/.m2/repository/io/opentelemetry/semconv/opentelemetry-semconv/1.23.1-alpha/opentelemetry-semconv-1.23.1-alpha.jar:/Users/p/.m2/repository/io/opentelemetry/opentelemetry-sdk-common/1.37.0/opentelemetry-sdk-common-1.37.0.jar:/Users/p/.m2/repository/io/opentelemetry/opentelemetry-sdk-trace/1.37.0/opentelemetry-sdk-trace-1.37.0.jar:/Users/p/.m2/repository/io/opentelemetry/opentelemetry-sdk/1.37.0/opentelemetry-sdk-1.37.0.jar:/Users/p/.m2/repository/io/opentelemetry/instrumentation/opentelemetry-instrumentation-api-semconv/1.33.5-alpha/opentelemetry-instrumentation-api-semconv-1.33.5-alpha.jar:/Users/p/.m2/repository/io/opentelemetry/instrumentation/opentelemetry-instrumentation-api/1.33.5/opentelemetry-instrumentation-api-1.33.5.jar:/Users/p/.m2/repository/io/opentelemetry/opentelemetry-api-incubator/1.40.0-alpha/opentelemetry-api-incubator-1.40.0-alpha.jar:/Users/p/.m2/repository/io/opentelemetry/opentelemetry-extension-trace-propagators/1.37.0/opentelemetry-extension-trace-propagators-1.37.0.jar:/Users/p/.m2/repository/io/opentelemetry/opentelemetry-exporter-otlp/1.39.0/opentelemetry-exporter-otlp-1.39.0.jar:/Users/p/.m2/repository/io/opentelemetry/opentelemetry-sdk-metrics/1.37.0/opentelemetry-sdk-metrics-1.37.0.jar:/Users/p/.m2/repository/io/opentelemetry/opentelemetry-sdk-logs/1.37.0/opentelemetry-sdk-logs-1.37.0.jar:/Users/p/.m2/repository/io/opentelemetry/opentelemetry-exporter-otlp-common/1.37.0/opentelemetry-exporter-otlp-common-1.37.0.jar:/Users/p/.m2/repository/io/opentelemetry/opentelemetry-exporter-common/1.37.0/opentelemetry-exporter-common-1.37.0.jar:/Users/p/.m2/repository/io/opentelemetry/opentelemetry-exporter-sender-okhttp/1.37.0/opentelemetry-exporter-sender-okhttp-1.37.0.jar:/Users/p/.m2/repository/com/squareup/okhttp3/okhttp/4.12.0/okhttp-4.12.0.jar:/Users/p/.m2/repository/com/squareup/okio/okio/3.6.0/okio-3.6.0.jar:/Users/p/.m2/repository/com/squareup/okio/okio-jvm/3.6.0/okio-jvm-3.6.0.jar:/Users/p/.m2/repository/org/jetbrains/kotlin/kotlin-stdlib-common/1.9.25/kotlin-stdlib-common-1.9.25.jar:/Users/p/.m2/repository/org/jetbrains/kotlin/kotlin-stdlib-jdk8/1.9.25/kotlin-stdlib-jdk8-1.9.25.jar:/Users/p/.m2/repository/org/jetbrains/kotlin/kotlin-stdlib/1.9.25/kotlin-stdlib-1.9.25.jar:/Users/p/.m2/repository/org/jetbrains/annotations/13.0/annotations-13.0.jar:/Users/p/.m2/repository/org/jetbrains/kotlin/kotlin-stdlib-jdk7/1.9.25/kotlin-stdlib-jdk7-1.9.25.jar:/Users/p/.m2/repository/io/opentelemetry/opentelemetry-sdk-extension-autoconfigure-spi/1.37.0/opentelemetry-sdk-extension-autoconfigure-spi-1.37.0.jar:"/>
    <property name="https.proxyPort" value="7897"/>
    <property name="java.vm.vendor" value="Homebrew"/>
    <property name="sun.arch.data.model" value="64"/>
    <property name="java.vendor.url" value="https://github.com/Homebrew/homebrew-core/issues"/>
    <property name="user.timezone" value="Asia/Shanghai"/>
    <property name="org.jboss.logging.provider" value="slf4j"/>
    <property name="java.vm.specification.version" value="24"/>
    <property name="os.name" value="Mac OS X"/>
    <property name="sun.java.launcher" value="SUN_STANDARD"/>
    <property name="user.country" value="CN"/>
    <property name="sun.boot.library.path" value="/opt/homebrew/Cellar/openjdk/24.0.2/libexec/openjdk.jdk/Contents/Home/lib"/>
    <property name="sun.java.command" value="/Users/p/Documents/GitHub/Stocksanalyses/target/surefire/surefirebooter-20250907212043214_3.jar /Users/p/Documents/GitHub/Stocksanalyses/target/surefire 2025-09-07T21-20-43_182-jvmRun1 surefire-20250907212043214_1tmp surefire_0-20250907212043214_2tmp"/>
    <property name="http.nonProxyHosts" value="127.0.0.1|192.168.0.0/16|*.192.168.0.0/16|10.0.0.0/8|*.10.0.0.0/8|172.16.0.0/12|*.172.16.0.0/12|172.29.0.0/16|*.172.29.0.0/16|localhost|*.localhost|local|*.local|crashlytics.com|*.crashlytics.com|&lt;local&gt;|*.&lt;local&gt;"/>
    <property name="jdk.debug" value="release"/>
    <property name="surefire.test.class.path" value="/Users/p/Documents/GitHub/Stocksanalyses/target/test-classes:/Users/p/Documents/GitHub/Stocksanalyses/target/classes:/Users/p/.m2/repository/org/springframework/boot/spring-boot-starter-web/3.3.3/spring-boot-starter-web-3.3.3.jar:/Users/p/.m2/repository/org/springframework/boot/spring-boot-starter/3.3.3/spring-boot-starter-3.3.3.jar:/Users/p/.m2/repository/org/springframework/boot/spring-boot/3.3.3/spring-boot-3.3.3.jar:/Users/p/.m2/repository/org/springframework/boot/spring-boot-autoconfigure/3.3.3/spring-boot-autoconfigure-3.3.3.jar:/Users/p/.m2/repository/org/springframework/boot/spring-boot-starter-logging/3.3.3/spring-boot-starter-logging-3.3.3.jar:/Users/p/.m2/repository/ch/qos/logback/logback-classic/1.5.7/logback-classic-1.5.7.jar:/Users/p/.m2/repository/ch/qos/logback/logback-core/1.5.7/logback-core-1.5.7.jar:/Users/p/.m2/repository/org/apache/logging/log4j/log4j-to-slf4j/2.23.1/log4j-to-slf4j-2.23.1.jar:/Users/p/.m2/repository/org/apache/logging/log4j/log4j-api/2.23.1/log4j-api-2.23.1.jar:/Users/p/.m2/repository/org/slf4j/jul-to-slf4j/2.0.16/jul-to-slf4j-2.0.16.jar:/Users/p/.m2/repository/jakarta/annotation/jakarta.annotation-api/2.1.1/jakarta.annotation-api-2.1.1.jar:/Users/p/.m2/repository/org/yaml/snakeyaml/2.2/snakeyaml-2.2.jar:/Users/p/.m2/repository/org/springframework/boot/spring-boot-starter-json/3.3.3/spring-boot-starter-json-3.3.3.jar:/Users/p/.m2/repository/com/fasterxml/jackson/datatype/jackson-datatype-jdk8/2.17.2/jackson-datatype-jdk8-2.17.2.jar:/Users/p/.m2/repository/com/fasterxml/jackson/module/jackson-module-parameter-names/2.17.2/jackson-module-parameter-names-2.17.2.jar:/Users/p/.m2/repository/org/springframework/boot/spring-boot-starter-tomcat/3.3.3/spring-boot-starter-tomcat-3.3.3.jar:/Users/p/.m2/repository/org/apache/tomcat/embed/tomcat-embed-core/10.1.28/tomcat-embed-core-10.1.28.jar:/Users/p/.m2/repository/org/apache/tomcat/embed/tomcat-embed-websocket/10.1.28/tomcat-embed-websocket-10.1.28.jar:/Users/p/.m2/repository/org/springframework/spring-web/6.1.12/spring-web-6.1.12.jar:/Users/p/.m2/repository/org/springframework/spring-beans/6.1.12/spring-beans-6.1.12.jar:/Users/p/.m2/repository/org/springframework/spring-webmvc/6.1.12/spring-webmvc-6.1.12.jar:/Users/p/.m2/repository/org/springframework/spring-aop/6.1.12/spring-aop-6.1.12.jar:/Users/p/.m2/repository/org/springframework/spring-context/6.1.12/spring-context-6.1.12.jar:/Users/p/.m2/repository/org/springframework/spring-expression/6.1.12/spring-expression-6.1.12.jar:/Users/p/.m2/repository/org/springframework/boot/spring-boot-starter-validation/3.3.3/spring-boot-starter-validation-3.3.3.jar:/Users/p/.m2/repository/org/apache/tomcat/embed/tomcat-embed-el/10.1.28/tomcat-embed-el-10.1.28.jar:/Users/p/.m2/repository/org/hibernate/validator/hibernate-validator/8.0.1.Final/hibernate-validator-8.0.1.Final.jar:/Users/p/.m2/repository/jakarta/validation/jakarta.validation-api/3.0.2/jakarta.validation-api-3.0.2.jar:/Users/p/.m2/repository/org/jboss/logging/jboss-logging/3.5.3.Final/jboss-logging-3.5.3.Final.jar:/Users/p/.m2/repository/com/fasterxml/classmate/1.7.0/classmate-1.7.0.jar:/Users/p/.m2/repository/com/fasterxml/jackson/datatype/jackson-datatype-jsr310/2.17.2/jackson-datatype-jsr310-2.17.2.jar:/Users/p/.m2/repository/com/fasterxml/jackson/core/jackson-annotations/2.17.2/jackson-annotations-2.17.2.jar:/Users/p/.m2/repository/com/fasterxml/jackson/core/jackson-core/2.17.2/jackson-core-2.17.2.jar:/Users/p/.m2/repository/com/fasterxml/jackson/core/jackson-databind/2.17.2/jackson-databind-2.17.2.jar:/Users/p/.m2/repository/org/springdoc/springdoc-openapi-starter-webmvc-ui/2.6.0/springdoc-openapi-starter-webmvc-ui-2.6.0.jar:/Users/p/.m2/repository/org/springdoc/springdoc-openapi-starter-webmvc-api/2.6.0/springdoc-openapi-starter-webmvc-api-2.6.0.jar:/Users/p/.m2/repository/org/springdoc/springdoc-openapi-starter-common/2.6.0/springdoc-openapi-starter-common-2.6.0.jar:/Users/p/.m2/repository/io/swagger/core/v3/swagger-core-jakarta/2.2.22/swagger-core-jakarta-2.2.22.jar:/Users/p/.m2/repository/org/apache/commons/commons-lang3/3.14.0/commons-lang3-3.14.0.jar:/Users/p/.m2/repository/io/swagger/core/v3/swagger-annotations-jakarta/2.2.22/swagger-annotations-jakarta-2.2.22.jar:/Users/p/.m2/repository/io/swagger/core/v3/swagger-models-jakarta/2.2.22/swagger-models-jakarta-2.2.22.jar:/Users/p/.m2/repository/com/fasterxml/jackson/dataformat/jackson-dataformat-yaml/2.17.2/jackson-dataformat-yaml-2.17.2.jar:/Users/p/.m2/repository/org/webjars/swagger-ui/5.17.14/swagger-ui-5.17.14.jar:/Users/p/.m2/repository/org/projectlombok/lombok/1.18.34/lombok-1.18.34.jar:/Users/p/.m2/repository/org/springframework/boot/spring-boot-starter-test/3.3.3/spring-boot-starter-test-3.3.3.jar:/Users/p/.m2/repository/org/springframework/boot/spring-boot-test/3.3.3/spring-boot-test-3.3.3.jar:/Users/p/.m2/repository/org/springframework/boot/spring-boot-test-autoconfigure/3.3.3/spring-boot-test-autoconfigure-3.3.3.jar:/Users/p/.m2/repository/com/jayway/jsonpath/json-path/2.9.0/json-path-2.9.0.jar:/Users/p/.m2/repository/jakarta/xml/bind/jakarta.xml.bind-api/4.0.2/jakarta.xml.bind-api-4.0.2.jar:/Users/p/.m2/repository/jakarta/activation/jakarta.activation-api/2.1.3/jakarta.activation-api-2.1.3.jar:/Users/p/.m2/repository/net/minidev/json-smart/2.5.1/json-smart-2.5.1.jar:/Users/p/.m2/repository/net/minidev/accessors-smart/2.5.1/accessors-smart-2.5.1.jar:/Users/p/.m2/repository/org/ow2/asm/asm/9.6/asm-9.6.jar:/Users/p/.m2/repository/org/assertj/assertj-core/3.25.3/assertj-core-3.25.3.jar:/Users/p/.m2/repository/net/bytebuddy/byte-buddy/1.14.19/byte-buddy-1.14.19.jar:/Users/p/.m2/repository/org/awaitility/awaitility/4.2.2/awaitility-4.2.2.jar:/Users/p/.m2/repository/org/hamcrest/hamcrest/2.2/hamcrest-2.2.jar:/Users/p/.m2/repository/org/junit/jupiter/junit-jupiter/5.10.3/junit-jupiter-5.10.3.jar:/Users/p/.m2/repository/org/junit/jupiter/junit-jupiter-api/5.10.3/junit-jupiter-api-5.10.3.jar:/Users/p/.m2/repository/org/opentest4j/opentest4j/1.3.0/opentest4j-1.3.0.jar:/Users/p/.m2/repository/org/junit/platform/junit-platform-commons/1.10.3/junit-platform-commons-1.10.3.jar:/Users/p/.m2/repository/org/apiguardian/apiguardian-api/1.1.2/apiguardian-api-1.1.2.jar:/Users/p/.m2/repository/org/junit/jupiter/junit-jupiter-params/5.10.3/junit-jupiter-params-5.10.3.jar:/Users/p/.m2/repository/org/junit/jupiter/junit-jupiter-engine/5.10.3/junit-jupiter-engine-5.10.3.jar:/Users/p/.m2/repository/org/junit/platform/junit-platform-engine/1.10.3/junit-platform-engine-1.10.3.jar:/Users/p/.m2/repository/org/mockito/mockito-core/5.11.0/mockito-core-5.11.0.jar:/Users/p/.m2/repository/net/bytebuddy/byte-buddy-agent/1.14.19/byte-buddy-agent-1.14.19.jar:/Users/p/.m2/repository/org/objenesis/objenesis/3.3/objenesis-3.3.jar:/Users/p/.m2/repository/org/mockito/mockito-junit-jupiter/5.11.0/mockito-junit-jupiter-5.11.0.jar:/Users/p/.m2/repository/org/skyscreamer/jsonassert/1.5.3/jsonassert-1.5.3.jar:/Users/p/.m2/repository/com/vaadin/external/google/android-json/0.0.20131108.vaadin1/android-json-0.0.20131108.vaadin1.jar:/Users/p/.m2/repository/org/springframework/spring-core/6.1.12/spring-core-6.1.12.jar:/Users/p/.m2/repository/org/springframework/spring-jcl/6.1.12/spring-jcl-6.1.12.jar:/Users/p/.m2/repository/org/springframework/spring-test/6.1.12/spring-test-6.1.12.jar:/Users/p/.m2/repository/org/xmlunit/xmlunit-core/2.9.1/xmlunit-core-2.9.1.jar:/Users/p/.m2/repository/org/ta4j/ta4j-core/0.15/ta4j-core-0.15.jar:/Users/p/.m2/repository/org/slf4j/slf4j-api/2.0.16/slf4j-api-2.0.16.jar:/Users/p/.m2/repository/net/sourceforge/tess4j/tess4j/5.11.0/tess4j-5.11.0.jar:/Users/p/.m2/repository/net/java/dev/jna/jna/5.14.0/jna-5.14.0.jar:/Users/p/.m2/repository/com/github/jai-imageio/jai-imageio-core/1.4.0/jai-imageio-core-1.4.0.jar:/Users/p/.m2/repository/org/apache/pdfbox/pdfbox/3.0.1/pdfbox-3.0.1.jar:/Users/p/.m2/repository/org/apache/pdfbox/pdfbox-io/3.0.1/pdfbox-io-3.0.1.jar:/Users/p/.m2/repository/org/apache/pdfbox/fontbox/3.0.1/fontbox-3.0.1.jar:/Users/p/.m2/repository/commons-logging/commons-logging/1.2/commons-logging-1.2.jar:/Users/p/.m2/repository/org/apache/pdfbox/pdfbox-tools/3.0.1/pdfbox-tools-3.0.1.jar:/Users/p/.m2/repository/org/apache/pdfbox/pdfbox-debugger/3.0.1/pdfbox-debugger-3.0.1.jar:/Users/p/.m2/repository/info/picocli/picocli/4.7.5/picocli-4.7.5.jar:/Users/p/.m2/repository/org/apache/pdfbox/jbig2-imageio/3.0.4/jbig2-imageio-3.0.4.jar:/Users/p/.m2/repository/commons-io/commons-io/2.15.1/commons-io-2.15.1.jar:/Users/p/.m2/repository/net/sourceforge/lept4j/lept4j/1.19.1/lept4j-1.19.1.jar:/Users/p/.m2/repository/org/jboss/jboss-vfs/3.2.17.Final/jboss-vfs-3.2.17.Final.jar:/Users/p/.m2/repository/io/micrometer/micrometer-core/1.13.3/micrometer-core-1.13.3.jar:/Users/p/.m2/repository/io/micrometer/micrometer-commons/1.13.3/micrometer-commons-1.13.3.jar:/Users/p/.m2/repository/io/micrometer/micrometer-observation/1.13.3/micrometer-observation-1.13.3.jar:/Users/p/.m2/repository/org/hdrhistogram/HdrHistogram/2.2.2/HdrHistogram-2.2.2.jar:/Users/p/.m2/repository/org/latencyutils/LatencyUtils/2.0.3/LatencyUtils-2.0.3.jar:/Users/p/.m2/repository/io/micrometer/micrometer-registry-prometheus/1.13.3/micrometer-registry-prometheus-1.13.3.jar:/Users/p/.m2/repository/io/prometheus/prometheus-metrics-core/1.2.1/prometheus-metrics-core-1.2.1.jar:/Users/p/.m2/repository/io/prometheus/prometheus-metrics-model/1.2.1/prometheus-metrics-model-1.2.1.jar:/Users/p/.m2/repository/io/prometheus/prometheus-metrics-config/1.2.1/prometheus-metrics-config-1.2.1.jar:/Users/p/.m2/repository/io/prometheus/prometheus-metrics-tracer-common/1.2.1/prometheus-metrics-tracer-common-1.2.1.jar:/Users/p/.m2/repository/io/prometheus/prometheus-metrics-exposition-formats/1.2.1/prometheus-metrics-exposition-formats-1.2.1.jar:/Users/p/.m2/repository/io/prometheus/prometheus-metrics-shaded-protobuf/1.2.1/prometheus-metrics-shaded-protobuf-1.2.1.jar:/Users/p/.m2/repository/org/springframework/boot/spring-boot-starter-actuator/3.3.3/spring-boot-starter-actuator-3.3.3.jar:/Users/p/.m2/repository/org/springframework/boot/spring-boot-actuator-autoconfigure/3.3.3/spring-boot-actuator-autoconfigure-3.3.3.jar:/Users/p/.m2/repository/org/springframework/boot/spring-boot-actuator/3.3.3/spring-boot-actuator-3.3.3.jar:/Users/p/.m2/repository/io/micrometer/micrometer-jakarta9/1.13.3/micrometer-jakarta9-1.13.3.jar:/Users/p/.m2/repository/io/micrometer/micrometer-tracing-bridge-otel/1.3.3/micrometer-tracing-bridge-otel-1.3.3.jar:/Users/p/.m2/repository/io/micrometer/micrometer-tracing/1.3.3/micrometer-tracing-1.3.3.jar:/Users/p/.m2/repository/io/micrometer/context-propagation/1.1.1/context-propagation-1.1.1.jar:/Users/p/.m2/repository/aopalliance/aopalliance/1.0/aopalliance-1.0.jar:/Users/p/.m2/repository/io/opentelemetry/opentelemetry-api/1.37.0/opentelemetry-api-1.37.0.jar:/Users/p/.m2/repository/io/opentelemetry/opentelemetry-context/1.37.0/opentelemetry-context-1.37.0.jar:/Users/p/.m2/repository/io/opentelemetry/semconv/opentelemetry-semconv/1.23.1-alpha/opentelemetry-semconv-1.23.1-alpha.jar:/Users/p/.m2/repository/io/opentelemetry/opentelemetry-sdk-common/1.37.0/opentelemetry-sdk-common-1.37.0.jar:/Users/p/.m2/repository/io/opentelemetry/opentelemetry-sdk-trace/1.37.0/opentelemetry-sdk-trace-1.37.0.jar:/Users/p/.m2/repository/io/opentelemetry/opentelemetry-sdk/1.37.0/opentelemetry-sdk-1.37.0.jar:/Users/p/.m2/repository/io/opentelemetry/instrumentation/opentelemetry-instrumentation-api-semconv/1.33.5-alpha/opentelemetry-instrumentation-api-semconv-1.33.5-alpha.jar:/Users/p/.m2/repository/io/opentelemetry/instrumentation/opentelemetry-instrumentation-api/1.33.5/opentelemetry-instrumentation-api-1.33.5.jar:/Users/p/.m2/repository/io/opentelemetry/opentelemetry-api-incubator/1.40.0-alpha/opentelemetry-api-incubator-1.40.0-alpha.jar:/Users/p/.m2/repository/io/opentelemetry/opentelemetry-extension-trace-propagators/1.37.0/opentelemetry-extension-trace-propagators-1.37.0.jar:/Users/p/.m2/repository/io/opentelemetry/opentelemetry-exporter-otlp/1.39.0/opentelemetry-exporter-otlp-1.39.0.jar:/Users/p/.m2/repository/io/opentelemetry/opentelemetry-sdk-metrics/1.37.0/opentelemetry-sdk-metrics-1.37.0.jar:/Users/p/.m2/repository/io/opentelemetry/opentelemetry-sdk-logs/1.37.0/opentelemetry-sdk-logs-1.37.0.jar:/Users/p/.m2/repository/io/opentelemetry/opentelemetry-exporter-otlp-common/1.37.0/opentelemetry-exporter-otlp-common-1.37.0.jar:/Users/p/.m2/repository/io/opentelemetry/opentelemetry-exporter-common/1.37.0/opentelemetry-exporter-common-1.37.0.jar:/Users/p/.m2/repository/io/opentelemetry/opentelemetry-exporter-sender-okhttp/1.37.0/opentelemetry-exporter-sender-okhttp-1.37.0.jar:/Users/p/.m2/repository/com/squareup/okhttp3/okhttp/4.12.0/okhttp-4.12.0.jar:/Users/p/.m2/repository/com/squareup/okio/okio/3.6.0/okio-3.6.0.jar:/Users/p/.m2/repository/com/squareup/okio/okio-jvm/3.6.0/okio-jvm-3.6.0.jar:/Users/p/.m2/repository/org/jetbrains/kotlin/kotlin-stdlib-common/1.9.25/kotlin-stdlib-common-1.9.25.jar:/Users/p/.m2/repository/org/jetbrains/kotlin/kotlin-stdlib-jdk8/1.9.25/kotlin-stdlib-jdk8-1.9.25.jar:/Users/p/.m2/repository/org/jetbrains/kotlin/kotlin-stdlib/1.9.25/kotlin-stdlib-1.9.25.jar:/Users/p/.m2/repository/org/jetbrains/annotations/13.0/annotations-13.0.jar:/Users/p/.m2/repository/org/jetbrains/kotlin/kotlin-stdlib-jdk7/1.9.25/kotlin-stdlib-jdk7-1.9.25.jar:/Users/p/.m2/repository/io/opentelemetry/opentelemetry-sdk-extension-autoconfigure-spi/1.37.0/opentelemetry-sdk-extension-autoconfigure-spi-1.37.0.jar:"/>
    <property name="sun.cpu.endian" value="little"/>
    <property name="user.home" value="/Users/p"/>
    <property name="user.language" value="zh"/>
    <property name="java.specification.vendor" value="Oracle Corporation"/>
    <property name="java.version.date" value="2025-07-15"/>
    <property name="java.home" value="/opt/homebrew/Cellar/openjdk/24.0.2/libexec/openjdk.jdk/Contents/Home"/>
    <property name="file.separator" value="/"/>
    <property name="https.proxyHost" value="127.0.0.1"/>
    <property name="basedir" value="/Users/p/Documents/GitHub/Stocksanalyses"/>
    <property name="java.vm.compressedOopsMode" value="Zero based"/>
    <property name="line.separator" value="&#10;"/>
    <property name="java.vm.specification.vendor" value="Oracle Corporation"/>
    <property name="java.specification.name" value="Java Platform API Specification"/>
    <property name="FILE_LOG_CHARSET" value="UTF-8"/>
    <property name="skipITs" value="true"/>
    <property name="java.awt.headless" value="true"/>
    <property name="apple.awt.application.name" value="ForkedBooter"/>
    <property name="surefire.real.class.path" value="/Users/p/Documents/GitHub/Stocksanalyses/target/surefire/surefirebooter-20250907212043214_3.jar"/>
    <property name="user.script" value="Hans"/>
    <property name="sun.management.compiler" value="HotSpot 64-Bit Tiered Compilers"/>
    <property name="ftp.nonProxyHosts" value="127.0.0.1|192.168.0.0/16|*.192.168.0.0/16|10.0.0.0/8|*.10.0.0.0/8|172.16.0.0/12|*.172.16.0.0/12|172.29.0.0/16|*.172.29.0.0/16|localhost|*.localhost|local|*.local|crashlytics.com|*.crashlytics.com|&lt;local&gt;|*.&lt;local&gt;"/>
    <property name="java.runtime.version" value="24.0.2"/>
    <property name="LOG_CORRELATION_PATTERN" value="%correlationId"/>
    <property name="user.name" value="p"/>
    <property name="stdout.encoding" value="UTF-8"/>
    <property name="path.separator" value=":"/>
    <property name="os.version" value="15.3"/>
    <property name="java.runtime.name" value="OpenJDK Runtime Environment"/>
    <property name="file.encoding" value="UTF-8"/>
    <property name="java.vm.name" value="OpenJDK 64-Bit Server VM"/>
    <property name="java.vendor.version" value="Homebrew"/>
    <property name="localRepository" value="/Users/p/.m2/repository"/>
    <property name="java.vendor.url.bug" value="https://github.com/Homebrew/homebrew-core/issues"/>
    <property name="java.io.tmpdir" value="/var/folders/nl/07mvr9ds7qdbrwtvzx9c9gg40000gn/T/"/>
    <property name="java.version" value="24.0.2"/>
    <property name="user.dir" value="/Users/p/Documents/GitHub/Stocksanalyses"/>
    <property name="os.arch" value="aarch64"/>
    <property name="socksProxyPort" value="7897"/>
    <property name="java.vm.specification.name" value="Java Virtual Machine Specification"/>
    <property name="PID" value="40978"/>
    <property name="CONSOLE_LOG_CHARSET" value="UTF-8"/>
    <property name="native.encoding" value="UTF-8"/>
    <property name="java.library.path" value="/Users/p/Library/Java/Extensions:/Library/Java/Extensions:/Network/Library/Java/Extensions:/System/Library/Java/Extensions:/usr/lib/java:."/>
    <property name="java.vm.info" value="mixed mode, sharing"/>
    <property name="stderr.encoding" value="UTF-8"/>
    <property name="java.vendor" value="Homebrew"/>
    <property name="java.vm.version" value="24.0.2"/>
    <property name="sun.io.unicode.encoding" value="UnicodeBig"/>
    <property name="socksNonProxyHosts" value="127.0.0.1|192.168.0.0/16|*.192.168.0.0/16|10.0.0.0/8|*.10.0.0.0/8|172.16.0.0/12|*.172.16.0.0/12|172.29.0.0/16|*.172.29.0.0/16|localhost|*.localhost|local|*.local|crashlytics.com|*.crashlytics.com|&lt;local&gt;|*.&lt;local&gt;"/>
    <property name="java.class.version" value="68.0"/>
    <property name="LOGGED_APPLICATION_NAME" value="[kline-analytics] "/>
    <property name="http.proxyPort" value="7897"/>
  </properties>
  <testcase name="detectsDoji" classname="com.stocksanalyses.service.PatternDetectorsTest" time="0.003"/>
  <testcase name="detectsBullishEngulfing" classname="com.stocksanalyses.service.PatternDetectorsTest" time="0.0"/>
</testsuite>